<?xml version="1.0" encoding="UTF-8"?>
<testng-results skipped="0" failed="0" ignored="0" total="1" passed="1">
  <reporter-output>
  </reporter-output>
  <suite name="Default suite" duration-ms="9966" started-at="2017-12-04T08:54:12Z" finished-at="2017-12-04T08:54:21Z">
    <groups>
    </groups>
    <test name="Default test" duration-ms="9966" started-at="2017-12-04T08:54:12Z" finished-at="2017-12-04T08:54:21Z">
      <class name="com.test.javaseleium.NewTest">
        <test-method status="PASS" signature="beforeClass()[pri:0, instance:com.test.javaseleium.NewTest@1774679]" name="beforeClass" is-config="true" duration-ms="4265" started-at="2017-12-04T14:24:12Z" finished-at="2017-12-04T14:24:16Z">
          <reporter-output>
          </reporter-output>
        </test-method> <!-- beforeClass -->
        <test-method status="PASS" signature="f()[pri:0, instance:com.test.javaseleium.NewTest@1774679]" name="f" duration-ms="5672" started-at="2017-12-04T14:24:16Z" finished-at="2017-12-04T14:24:21Z">
          <reporter-output>
          </reporter-output>
        </test-method> <!-- f -->
        <test-method status="PASS" signature="afterClass()[pri:0, instance:com.test.javaseleium.NewTest@1774679]" name="afterClass" is-config="true" duration-ms="0" started-at="2017-12-04T14:24:21Z" finished-at="2017-12-04T14:24:21Z">
          <reporter-output>
          </reporter-output>
        </test-method> <!-- afterClass -->
      </class> <!-- com.test.javaseleium.NewTest -->
    </test> <!-- Default test -->
  </suite> <!-- Default suite -->
</testng-results>
