<?xml version="1.0" encoding="UTF-8"?>
<testng-results skipped="0" failed="0" ignored="0" total="1" passed="1">
  <reporter-output>
  </reporter-output>
  <suite name="Suite" duration-ms="23286" started-at="2018-01-11T09:11:10Z" finished-at="2018-01-11T09:11:33Z">
    <groups>
    </groups>
    <test name="Test" duration-ms="23286" started-at="2018-01-11T09:11:10Z" finished-at="2018-01-11T09:11:33Z">
      <class name="com.test.javaseleium.NewTest">
        <test-method status="PASS" signature="beforeClass()[pri:0, instance:com.test.javaseleium.NewTest@5d012c]" name="beforeClass" is-config="true" duration-ms="7635" started-at="2018-01-11T14:41:10Z" finished-at="2018-01-11T14:41:17Z">
          <reporter-output>
          </reporter-output>
        </test-method> <!-- beforeClass -->
        <test-method status="PASS" signature="f()[pri:0, instance:com.test.javaseleium.NewTest@5d012c]" name="f" duration-ms="15591" started-at="2018-01-11T14:41:17Z" finished-at="2018-01-11T14:41:33Z">
          <reporter-output>
          </reporter-output>
        </test-method> <!-- f -->
        <test-method status="PASS" signature="afterClass()[pri:0, instance:com.test.javaseleium.NewTest@5d012c]" name="afterClass" is-config="true" duration-ms="1" started-at="2018-01-11T14:41:33Z" finished-at="2018-01-11T14:41:33Z">
          <reporter-output>
          </reporter-output>
        </test-method> <!-- afterClass -->
      </class> <!-- com.test.javaseleium.NewTest -->
    </test> <!-- Test -->
  </suite> <!-- Suite -->
</testng-results>
